<?xml version="1.0" encoding="UTF-8"?>
<testng-results ignored="0" total="1" passed="1" failed="0" skipped="0">
  <reporter-output>
  </reporter-output>
  <suite started-at="2026-02-26T17:19:08 SAST" name="Surefire suite" finished-at="2026-02-26T17:19:47 SAST" duration-ms="38918">
    <groups>
    </groups>
    <test started-at="2026-02-26T17:19:08 SAST" name="Surefire test" finished-at="2026-02-26T17:19:47 SAST" duration-ms="38918">
      <class name="SortingTest">
        <test-method signature="VerifySorting()[pri:0, instance:SortingTest@6b0c2d26]" started-at="2026-02-26T17:19:08 SAST" name="VerifySorting" finished-at="2026-02-26T17:19:47 SAST" duration-ms="38820" status="PASS">
          <reporter-output>
          </reporter-output>
        </test-method> <!-- VerifySorting -->
      </class> <!-- SortingTest -->
    </test> <!-- Surefire test -->
  </suite> <!-- Surefire suite -->
</testng-results>
